<?xml version="1.0" encoding="UTF-8"?>
<!-- Generated by org.testng.reporters.JUnitXMLReporter -->
<testsuite hostname="LAPTOP-7URMMQ5D" ignored="0" name="Test" tests="8" failures="0" timestamp="2021-01-09T00:06:43 EST" time="0.099" errors="0">
  <testcase name="Test1" time="0.016" classname="TestNG.Programmes.Day_2_Groups"/>
  <testcase name="Test2" time="0.001" classname="TestNG.Programmes.Day_2_Groups"/>
  <testcase name="Test3" time="0.0" classname="TestNG.Programmes.Day_2_Groups"/>
  <testcase name="Test4" time="0.007" classname="TestNG.Programmes.Day_2_Groups"/>
  <testcase name="methodA" time="0.004" classname="TestNG.Programmes.Day_2_Groups"/>
  <testcase name="methodB" time="0.001" classname="TestNG.Programmes.Day_2_Groups"/>
  <testcase name="methodC" time="0.001" classname="TestNG.Programmes.Day_2_Groups"/>
  <testcase name="methodD" time="0.001" classname="TestNG.Programmes.Day_2_Groups"/>
</testsuite> <!-- Test -->
