<?xml version="1.0" encoding="UTF-8"?>
<!-- Generated by org.testng.reporters.JUnitXMLReporter -->
<testsuite hostname="LAPTOP-7URMMQ5D" ignored="0" name="login Test" tests="4" failures="0" timestamp="2021-01-08T22:28:34 EST" time="0.017" errors="0">
  <testcase name="method5" time="0.001" classname="TestNG.Programmes.Day_2_RunningManyTestSuitFile2"/>
  <testcase name="method6" time="0.001" classname="TestNG.Programmes.Day_2_RunningManyTestSuitFile2"/>
  <testcase name="method7" time="0.001" classname="TestNG.Programmes.Day_2_RunningManyTestSuitFile2"/>
  <testcase name="method8" time="0.004" classname="TestNG.Programmes.Day_2_RunningManyTestSuitFile2"/>
</testsuite> <!-- login Test -->
