<?xml version="1.0" encoding="UTF-8"?>
<!-- Generated by org.testng.reporters.JUnitXMLReporter -->
<testsuite hostname="LAPTOP-7URMMQ5D" ignored="0" name="Widget Test" tests="4" failures="0" timestamp="2021-01-08T22:28:34 EST" time="0.059" errors="0">
  <testcase name="method1" time="0.012" classname="TestNG.Programmes.Day_2_RunningManyTestSuitFile1"/>
  <testcase name="method2" time="0.002" classname="TestNG.Programmes.Day_2_RunningManyTestSuitFile1"/>
  <testcase name="method3" time="0.001" classname="TestNG.Programmes.Day_2_RunningManyTestSuitFile1"/>
  <testcase name="method4" time="0.0" classname="TestNG.Programmes.Day_2_RunningManyTestSuitFile1"/>
</testsuite> <!-- Widget Test -->
