<?xml version="1.0" encoding="UTF-8"?>
<!-- Generated by org.testng.reporters.JUnitXMLReporter -->
<testsuite hostname="LAPTOP-7URMMQ5D" ignored="0" name="Home" tests="4" failures="0" timestamp="2021-01-07T00:48:28 EST" time="0.063" errors="0">
  <testcase name="method1" time="0.009" classname="TestNG.Programmes.Day_2_RunningManyTestSuitFile1"/>
  <testcase name="method2" time="0.001" classname="TestNG.Programmes.Day_2_RunningManyTestSuitFile1"/>
  <testcase name="method3" time="0.001" classname="TestNG.Programmes.Day_2_RunningManyTestSuitFile1"/>
  <testcase name="method4" time="0.001" classname="TestNG.Programmes.Day_2_RunningManyTestSuitFile1"/>
</testsuite> <!-- Home -->
