<?xml version="1.0" encoding="UTF-8"?>
<!-- Generated by org.testng.reporters.JUnitXMLReporter -->
<testsuite hostname="LAPTOP-7URMMQ5D" ignored="4" name="Test" tests="6" failures="0" timestamp="2021-01-08T22:31:44 EST" time="0.071" errors="0">
  <testcase name="method1" time="0.012" classname="TestNG.Programmes.Day_2_RunningManyTestSuitFile1"/>
  <testcase name="method2" time="0.002" classname="TestNG.Programmes.Day_2_RunningManyTestSuitFile1"/>
  <testcase name="method4" time="0.005" classname="TestNG.Programmes.Day_2_RunningManyTestSuitFile1"/>
  <testcase name="method5" time="0.001" classname="TestNG.Programmes.Day_2_RunningManyTestSuitFile2"/>
  <testcase name="method10" time="0.0" classname="TestNG.Programmes.Day_2_RunningManyTestSuitFile3"/>
  <testcase name="method9" time="0.001" classname="TestNG.Programmes.Day_2_RunningManyTestSuitFile3"/>
  <testcase name="method8" time="0.0" classname="TestNG.Programmes.Day_2_RunningManyTestSuitFile2">
    <ignored/>
  </testcase> <!-- method8 -->
  <testcase name="method6" time="0.0" classname="TestNG.Programmes.Day_2_RunningManyTestSuitFile2">
    <ignored/>
  </testcase> <!-- method6 -->
  <testcase name="method3" time="0.0" classname="TestNG.Programmes.Day_2_RunningManyTestSuitFile1">
    <ignored/>
  </testcase> <!-- method3 -->
  <testcase name="method7" time="0.0" classname="TestNG.Programmes.Day_2_RunningManyTestSuitFile2">
    <ignored/>
  </testcase> <!-- method7 -->
</testsuite> <!-- Test -->
